2018-04-29 14:05:33,638:INFO: Creating the datasets...
2018-04-29 14:05:33,778:INFO: - done.
2018-04-29 14:05:33,778:INFO: Creating the model...
2018-04-29 14:05:35,035:INFO: - done.
2018-04-29 14:05:35,038:INFO: Starting training for 10 epoch(s)
2018-04-29 14:05:38,292:INFO: Epoch 1/10
2018-04-29 14:05:38,528:INFO: - Train metrics: accuracy: 0.280 ; loss: 1.382
2018-04-29 14:10:20,536:INFO: Creating the datasets...
2018-04-29 14:10:20,694:INFO: - done.
2018-04-29 14:10:20,694:INFO: Creating the model...
2018-04-29 14:10:22,092:INFO: - done.
2018-04-29 14:10:22,093:INFO: Starting training for 10 epoch(s)
2018-04-29 14:10:25,310:INFO: Epoch 1/10
2018-04-29 14:10:25,521:INFO: - Train metrics: accuracy: 0.280 ; loss: 1.382
2018-04-29 14:10:26,629:INFO: - Eval metrics: accuracy: 0.460 ; loss: 1.373
2018-04-29 14:12:04,796:INFO: Creating the datasets...
2018-04-29 14:12:04,906:INFO: - done.
2018-04-29 14:12:04,906:INFO: Creating the model...
2018-04-29 14:12:06,298:INFO: - done.
2018-04-29 14:12:06,298:INFO: Starting training for 10 epoch(s)
2018-04-29 14:12:09,612:INFO: Epoch 1/10
2018-04-29 14:12:09,938:INFO: - Train metrics: accuracy: 0.280 ; loss: 1.382
2018-04-29 14:12:10,912:INFO: - Eval metrics: accuracy: 0.460 ; loss: 1.373
2018-04-29 14:12:11,981:INFO: - Found new best accuracy, saving in experiments/base_model\best_weights\after-epoch-1
2018-04-29 14:12:12,003:INFO: Epoch 2/10
2018-04-29 14:12:12,020:INFO: - Train metrics: accuracy: 0.460 ; loss: 1.373
2018-04-29 14:12:12,946:INFO: - Eval metrics: accuracy: 0.540 ; loss: 1.363
2018-04-29 14:12:13,917:INFO: - Found new best accuracy, saving in experiments/base_model\best_weights\after-epoch-2
2018-04-29 14:12:13,925:INFO: Epoch 3/10
2018-04-29 14:12:13,935:INFO: - Train metrics: accuracy: 0.540 ; loss: 1.363
2018-04-29 14:12:14,859:INFO: - Eval metrics: accuracy: 0.640 ; loss: 1.354
2018-04-29 14:12:15,777:INFO: - Found new best accuracy, saving in experiments/base_model\best_weights\after-epoch-3
2018-04-29 14:12:15,790:INFO: Epoch 4/10
2018-04-29 14:12:15,801:INFO: - Train metrics: accuracy: 0.640 ; loss: 1.354
2018-04-29 14:12:16,825:INFO: - Eval metrics: accuracy: 0.660 ; loss: 1.344
2018-04-29 14:12:17,776:INFO: - Found new best accuracy, saving in experiments/base_model\best_weights\after-epoch-4
2018-04-29 14:12:17,791:INFO: Epoch 5/10
2018-04-29 14:12:17,800:INFO: - Train metrics: accuracy: 0.660 ; loss: 1.344
2018-04-29 14:12:18,800:INFO: - Eval metrics: accuracy: 0.660 ; loss: 1.335
2018-04-29 14:12:19,866:INFO: - Found new best accuracy, saving in experiments/base_model\best_weights\after-epoch-5
2018-04-29 14:12:19,877:INFO: Epoch 6/10
2018-04-29 14:12:19,889:INFO: - Train metrics: accuracy: 0.660 ; loss: 1.335
2018-04-29 14:12:21,014:INFO: - Eval metrics: accuracy: 0.640 ; loss: 1.325
2018-04-29 14:12:21,021:INFO: Epoch 7/10
2018-04-29 14:12:21,034:INFO: - Train metrics: accuracy: 0.640 ; loss: 1.325
2018-04-29 14:12:22,019:INFO: - Eval metrics: accuracy: 0.640 ; loss: 1.315
2018-04-29 14:12:22,032:INFO: Epoch 8/10
2018-04-29 14:12:22,044:INFO: - Train metrics: accuracy: 0.640 ; loss: 1.315
2018-04-29 14:12:23,015:INFO: - Eval metrics: accuracy: 0.600 ; loss: 1.306
2018-04-29 14:12:23,028:INFO: Epoch 9/10
2018-04-29 14:12:23,043:INFO: - Train metrics: accuracy: 0.600 ; loss: 1.306
2018-04-29 14:12:24,125:INFO: - Eval metrics: accuracy: 0.620 ; loss: 1.296
2018-04-29 14:12:24,136:INFO: Epoch 10/10
2018-04-29 14:12:24,150:INFO: - Train metrics: accuracy: 0.620 ; loss: 1.296
2018-04-29 14:12:25,082:INFO: - Eval metrics: accuracy: 0.620 ; loss: 1.285
